{"uuid":"aeb5c228-b29f-437c-925f-32046425e64b","historyId":"e27912d064b6ca2d03a0381552194ab2","fullName":"Test.MarketTests.testAddToCartFirstProduct","labels":[{"name":"package","value":"Test.MarketTests"},{"name":"testClass","value":"Test.MarketTests"},{"name":"testMethod","value":"testAddToCartFirstProduct"},{"name":"parentSuite","value":"Default Suite"},{"name":"suite","value":"BasePage.java"},{"name":"subSuite","value":"Test.MarketTests"},{"name":"host","value":"DESKTOP-J2F3DAR"},{"name":"thread","value":"22604@DESKTOP-J2F3DAR.main(1)"},{"name":"framework","value":"testng"},{"name":"language","value":"java"},{"name":"story","value":"Add to cart first product"}],"links":[],"name":"testAddToCartFirstProduct","status":"broken","statusDetails":{"known":false,"muted":false,"flaky":false,"message":"Failed to add product to cart","trace":"java.lang.RuntimeException: Failed to add product to cart\r\n\tat Page.Market.ProductDetailPage.addToCart(ProductDetailPage.java:73)\r\n\tat Test.MarketTests.testAddToCartFirstProduct(MarketTests.java:140)\r\n\tat java.base/jdk.internal.reflect.NativeMethodAccessorImpl.invoke0(Native Method)\r\n\tat java.base/jdk.internal.reflect.NativeMethodAccessorImpl.invoke(NativeMethodAccessorImpl.java:62)\r\n\tat java.base/jdk.internal.reflect.DelegatingMethodAccessorImpl.invoke(DelegatingMethodAccessorImpl.java:43)\r\n\tat java.base/java.lang.reflect.Method.invoke(Method.java:566)\r\n\tat org.testng.internal.MethodInvocationHelper.invokeMethod(MethodInvocationHelper.java:133)\r\n\tat org.testng.internal.TestInvoker.invokeMethod(TestInvoker.java:598)\r\n\tat org.testng.internal.TestInvoker.invokeTestMethod(TestInvoker.java:173)\r\n\tat org.testng.internal.MethodRunner.runInSequence(MethodRunner.java:46)\r\n\tat org.testng.internal.TestInvoker$MethodInvocationAgent.invoke(TestInvoker.java:824)\r\n\tat org.testng.internal.TestInvoker.invokeTestMethods(TestInvoker.java:146)\r\n\tat org.testng.internal.TestMethodWorker.invokeTestMethods(TestMethodWorker.java:146)\r\n\tat org.testng.internal.TestMethodWorker.run(TestMethodWorker.java:128)\r\n\tat java.base/java.util.ArrayList.forEach(ArrayList.java:1541)\r\n\tat org.testng.TestRunner.privateRun(TestRunner.java:794)\r\n\tat org.testng.TestRunner.run(TestRunner.java:596)\r\n\tat org.testng.SuiteRunner.runTest(SuiteRunner.java:377)\r\n\tat org.testng.SuiteRunner.runSequentially(SuiteRunner.java:371)\r\n\tat org.testng.SuiteRunner.privateRun(SuiteRunner.java:332)\r\n\tat org.testng.SuiteRunner.run(SuiteRunner.java:276)\r\n\tat org.testng.SuiteRunnerWorker.runSuite(SuiteRunnerWorker.java:53)\r\n\tat org.testng.SuiteRunnerWorker.run(SuiteRunnerWorker.java:96)\r\n\tat org.testng.TestNG.runSuitesSequentially(TestNG.java:1212)\r\n\tat org.testng.TestNG.runSuitesLocally(TestNG.java:1134)\r\n\tat org.testng.TestNG.runSuites(TestNG.java:1063)\r\n\tat org.testng.TestNG.run(TestNG.java:1031)\r\n\tat com.intellij.rt.testng.IDEARemoteTestNG.run(IDEARemoteTestNG.java:65)\r\n\tat com.intellij.rt.testng.RemoteTestNGStarter.main(RemoteTestNGStarter.java:105)\r\nCaused by: org.openqa.selenium.TimeoutException: Expected condition failed: waiting for visibility of element located by By.cssSelector: .notification-success (tried for 10 second(s) with 500 milliseconds interval)\nBuild info: version: '4.38.0', revision: '6b412e825c*'\nSystem info: os.name: 'Windows 10', os.arch: 'amd64', os.version: '10.0', java.version: '11.0.28'\nDriver info: org.openqa.selenium.chrome.ChromeDriver\nCapabilities {acceptInsecureCerts: false, browserName: chrome, browserVersion: 142.0.7444.176, chrome: {chromedriverVersion: 142.0.7444.175 (302067f14a4..., userDataDir: C:\\Users\\Moffa\\AppData\\Loca...}, fedcm:accounts: true, goog:chromeOptions: {debuggerAddress: localhost:53286}, goog:processID: 24856, networkConnectionEnabled: false, pageLoadStrategy: normal, platformName: windows, proxy: Proxy(), se:cdp: ws://localhost:53286/devtoo..., se:cdpVersion: 142.0.7444.176, setWindowRect: true, strictFileInteractability: false, timeouts: {implicit: 0, pageLoad: 300000, script: 30000}, unhandledPromptBehavior: dismiss and notify, webauthn:extension:credBlob: true, webauthn:extension:largeBlob: true, webauthn:extension:minPinLength: true, webauthn:extension:prf: true, webauthn:virtualAuthenticators: true}\nSession ID: 25990e1101ca03366a7016a922a041e3\r\n\tat org.openqa.selenium.support.ui.WebDriverWait.timeoutException(WebDriverWait.java:84)\r\n\tat org.openqa.selenium.support.ui.FluentWait.until(FluentWait.java:228)\r\n\tat Page.Market.ProductDetailPage.addToCart(ProductDetailPage.java:70)\r\n\t... 28 more\r\n"},"stage":"finished","description":"The test checks if we add to cart our first product","steps":[{"name":"Accept cookie","status":"passed","stage":"finished","steps":[],"attachments":[],"parameters":[],"start":1764680038956,"stop":1764680039041},{"name":"Check if market page is opened","status":"passed","stage":"finished","steps":[],"attachments":[],"parameters":[],"start":1764680039116,"stop":1764680039663},{"name":"Select country and save location","status":"passed","stage":"finished","steps":[{"name":"Set country to: Russia","status":"passed","stage":"finished","steps":[],"attachments":[],"parameters":[{"name":"country","value":"Russia"}],"start":1764680039679,"stop":1764680039845},{"name":"Click save location button","status":"passed","stage":"finished","steps":[],"attachments":[],"parameters":[],"start":1764680039845,"stop":1764680039892}],"attachments":[],"parameters":[],"start":1764680039663,"stop":1764680039892},{"name":"Check if products are displayed on the page","status":"passed","stage":"finished","steps":[],"attachments":[],"parameters":[],"start":1764680039892,"stop":1764680040422},{"name":"Get first product title","status":"passed","stage":"finished","steps":[{"name":"Get product title by index: 0","status":"passed","stage":"finished","steps":[],"attachments":[],"parameters":[{"name":"index","value":"0"}],"start":1764680040422,"stop":1764680040444}],"attachments":[],"parameters":[],"start":1764680040422,"stop":1764680040444},{"name":"Get first product price","status":"passed","stage":"finished","steps":[{"name":"Get product price by index: 0","status":"passed","stage":"finished","steps":[],"attachments":[],"parameters":[{"name":"index","value":"0"}],"start":1764680040444,"stop":1764680040461}],"attachments":[],"parameters":[],"start":1764680040444,"stop":1764680040461},{"name":"Click on first product","status":"passed","stage":"finished","steps":[{"name":"Click on product by index: 0","status":"passed","stage":"finished","steps":[],"attachments":[],"parameters":[{"name":"index","value":"0"}],"start":1764680040461,"stop":1764680040995}],"attachments":[],"parameters":[],"start":1764680040461,"stop":1764680040995},{"name":"Check if product detail page is opened","status":"passed","stage":"finished","steps":[],"attachments":[],"parameters":[],"start":1764680040995,"stop":1764680041525},{"name":"Get product title","status":"passed","stage":"finished","steps":[],"attachments":[],"parameters":[],"start":1764680041525,"stop":1764680041545},{"name":"Get product price","status":"passed","stage":"finished","steps":[],"attachments":[],"parameters":[],"start":1764680041545,"stop":1764680042064},{"name":"Add product to cart","status":"broken","statusDetails":{"known":false,"muted":false,"flaky":false,"message":"Failed to add product to cart","trace":"java.lang.RuntimeException: Failed to add product to cart\r\n\tat Page.Market.ProductDetailPage.addToCart(ProductDetailPage.java:73)\r\n\tat Test.MarketTests.testAddToCartFirstProduct(MarketTests.java:140)\r\n\tat java.base/jdk.internal.reflect.NativeMethodAccessorImpl.invoke0(Native Method)\r\n\tat java.base/jdk.internal.reflect.NativeMethodAccessorImpl.invoke(NativeMethodAccessorImpl.java:62)\r\n\tat java.base/jdk.internal.reflect.DelegatingMethodAccessorImpl.invoke(DelegatingMethodAccessorImpl.java:43)\r\n\tat java.base/java.lang.reflect.Method.invoke(Method.java:566)\r\n\tat org.testng.internal.MethodInvocationHelper.invokeMethod(MethodInvocationHelper.java:133)\r\n\tat org.testng.internal.TestInvoker.invokeMethod(TestInvoker.java:598)\r\n\tat org.testng.internal.TestInvoker.invokeTestMethod(TestInvoker.java:173)\r\n\tat org.testng.internal.MethodRunner.runInSequence(MethodRunner.java:46)\r\n\tat org.testng.internal.TestInvoker$MethodInvocationAgent.invoke(TestInvoker.java:824)\r\n\tat org.testng.internal.TestInvoker.invokeTestMethods(TestInvoker.java:146)\r\n\tat org.testng.internal.TestMethodWorker.invokeTestMethods(TestMethodWorker.java:146)\r\n\tat org.testng.internal.TestMethodWorker.run(TestMethodWorker.java:128)\r\n\tat java.base/java.util.ArrayList.forEach(ArrayList.java:1541)\r\n\tat org.testng.TestRunner.privateRun(TestRunner.java:794)\r\n\tat org.testng.TestRunner.run(TestRunner.java:596)\r\n\tat org.testng.SuiteRunner.runTest(SuiteRunner.java:377)\r\n\tat org.testng.SuiteRunner.runSequentially(SuiteRunner.java:371)\r\n\tat org.testng.SuiteRunner.privateRun(SuiteRunner.java:332)\r\n\tat org.testng.SuiteRunner.run(SuiteRunner.java:276)\r\n\tat org.testng.SuiteRunnerWorker.runSuite(SuiteRunnerWorker.java:53)\r\n\tat org.testng.SuiteRunnerWorker.run(SuiteRunnerWorker.java:96)\r\n\tat org.testng.TestNG.runSuitesSequentially(TestNG.java:1212)\r\n\tat org.testng.TestNG.runSuitesLocally(TestNG.java:1134)\r\n\tat org.testng.TestNG.runSuites(TestNG.java:1063)\r\n\tat org.testng.TestNG.run(TestNG.java:1031)\r\n\tat com.intellij.rt.testng.IDEARemoteTestNG.run(IDEARemoteTestNG.java:65)\r\n\tat com.intellij.rt.testng.RemoteTestNGStarter.main(RemoteTestNGStarter.java:105)\r\nCaused by: org.openqa.selenium.TimeoutException: Expected condition failed: waiting for visibility of element located by By.cssSelector: .notification-success (tried for 10 second(s) with 500 milliseconds interval)\nBuild info: version: '4.38.0', revision: '6b412e825c*'\nSystem info: os.name: 'Windows 10', os.arch: 'amd64', os.version: '10.0', java.version: '11.0.28'\nDriver info: org.openqa.selenium.chrome.ChromeDriver\nCapabilities {acceptInsecureCerts: false, browserName: chrome, browserVersion: 142.0.7444.176, chrome: {chromedriverVersion: 142.0.7444.175 (302067f14a4..., userDataDir: C:\\Users\\Moffa\\AppData\\Loca...}, fedcm:accounts: true, goog:chromeOptions: {debuggerAddress: localhost:53286}, goog:processID: 24856, networkConnectionEnabled: false, pageLoadStrategy: normal, platformName: windows, proxy: Proxy(), se:cdp: ws://localhost:53286/devtoo..., se:cdpVersion: 142.0.7444.176, setWindowRect: true, strictFileInteractability: false, timeouts: {implicit: 0, pageLoad: 300000, script: 30000}, unhandledPromptBehavior: dismiss and notify, webauthn:extension:credBlob: true, webauthn:extension:largeBlob: true, webauthn:extension:minPinLength: true, webauthn:extension:prf: true, webauthn:virtualAuthenticators: true}\nSession ID: 25990e1101ca03366a7016a922a041e3\r\n\tat org.openqa.selenium.support.ui.WebDriverWait.timeoutException(WebDriverWait.java:84)\r\n\tat org.openqa.selenium.support.ui.FluentWait.until(FluentWait.java:228)\r\n\tat Page.Market.ProductDetailPage.addToCart(ProductDetailPage.java:70)\r\n\t... 28 more\r\n"},"stage":"finished","steps":[],"attachments":[],"parameters":[],"start":1764680042064,"stop":1764680052389}],"attachments":[],"parameters":[],"start":1764680036994,"stop":1764680052391}